Started at Wed Nov 02 17:08:57 UTC 2022
Processing ansible-test
Offering ansible-test to Project Build Discarder
Processing remote-task
Offering remote-task to Project Build Discarder
Finished at Wed Nov 02 17:08:57 UTC 2022. 114ms
Started at Wed Nov 02 18:08:57 UTC 2022
Processing ansible-test
Offering ansible-test to Project Build Discarder
Processing remote-task
Offering remote-task to Project Build Discarder
Finished at Wed Nov 02 18:08:57 UTC 2022. 47ms
Started at Wed Nov 02 19:08:57 UTC 2022
Processing ansible-test
Offering ansible-test to Project Build Discarder
Processing remote-task
Offering remote-task to Project Build Discarder
Finished at Wed Nov 02 19:08:57 UTC 2022. 39ms
Started at Wed Nov 02 20:08:57 UTC 2022
Processing ansible-test
Offering ansible-test to Project Build Discarder
Processing remote-task
Offering remote-task to Project Build Discarder
Finished at Wed Nov 02 20:08:57 UTC 2022. 46ms
Started at Wed Nov 02 21:08:57 UTC 2022
Processing ansible-test
Offering ansible-test to Project Build Discarder
Processing remote-task
Offering remote-task to Project Build Discarder
Finished at Wed Nov 02 21:08:57 UTC 2022. 51ms
Started at Wed Nov 02 22:08:57 UTC 2022
Processing ansible-test
Offering ansible-test to Project Build Discarder
Processing remote-task
Offering remote-task to Project Build Discarder
Finished at Wed Nov 02 22:08:57 UTC 2022. 50ms
Started at Wed Nov 02 23:08:57 UTC 2022
Processing ansible-test
Offering ansible-test to Project Build Discarder
Processing remote-task
Offering remote-task to Project Build Discarder
Finished at Wed Nov 02 23:08:57 UTC 2022. 42ms
Started at Thu Nov 03 00:08:57 UTC 2022
Processing ansible-test
Offering ansible-test to Project Build Discarder
Processing remote-task
Offering remote-task to Project Build Discarder
Finished at Thu Nov 03 00:08:57 UTC 2022. 49ms
Started at Thu Nov 03 01:08:57 UTC 2022
Processing ansible-test
Offering ansible-test to Project Build Discarder
Processing remote-task
Offering remote-task to Project Build Discarder
Finished at Thu Nov 03 01:08:57 UTC 2022. 39ms
Started at Thu Nov 03 02:08:56 UTC 2022
Processing ansible-test
Offering ansible-test to Project Build Discarder
Processing remote-task
Offering remote-task to Project Build Discarder
Finished at Thu Nov 03 02:08:57 UTC 2022. 48ms
Started at Thu Nov 03 03:08:56 UTC 2022
Processing ansible-test
Offering ansible-test to Project Build Discarder
Processing remote-task
Offering remote-task to Project Build Discarder
Finished at Thu Nov 03 03:08:56 UTC 2022. 42ms
Started at Thu Nov 03 04:08:56 UTC 2022
Processing ansible-test
Offering ansible-test to Project Build Discarder
Processing remote-task
Offering remote-task to Project Build Discarder
Finished at Thu Nov 03 04:08:56 UTC 2022. 46ms
Started at Thu Nov 03 05:08:56 UTC 2022
Processing ansible-test
Offering ansible-test to Project Build Discarder
Processing remote-task
Offering remote-task to Project Build Discarder
Finished at Thu Nov 03 05:08:56 UTC 2022. 40ms
Started at Thu Nov 03 06:08:56 UTC 2022
Processing ansible-test
Offering ansible-test to Project Build Discarder
Processing remote-task
Offering remote-task to Project Build Discarder
Finished at Thu Nov 03 06:08:56 UTC 2022. 51ms
Started at Thu Nov 03 07:08:56 UTC 2022
Processing ansible-test
Offering ansible-test to Project Build Discarder
Processing remote-task
Offering remote-task to Project Build Discarder
Finished at Thu Nov 03 07:08:56 UTC 2022. 46ms
Started at Thu Nov 03 08:08:56 UTC 2022
Processing ansible-test
Offering ansible-test to Project Build Discarder
Processing remote-task
Offering remote-task to Project Build Discarder
Finished at Thu Nov 03 08:08:56 UTC 2022. 49ms
Started at Thu Nov 03 09:08:56 UTC 2022
Processing ansible-test
Offering ansible-test to Project Build Discarder
Processing remote-task
Offering remote-task to Project Build Discarder
Finished at Thu Nov 03 09:08:56 UTC 2022. 62ms
Started at Thu Nov 03 10:08:56 UTC 2022
Processing ansible-test
Offering ansible-test to Project Build Discarder
Processing remote-task
Offering remote-task to Project Build Discarder
Finished at Thu Nov 03 10:08:56 UTC 2022. 65ms
Started at Thu Nov 03 11:08:56 UTC 2022
Processing ansible-test
Offering ansible-test to Project Build Discarder
Processing remote-task
Offering remote-task to Project Build Discarder
Finished at Thu Nov 03 11:08:56 UTC 2022. 52ms
Started at Thu Nov 03 12:08:56 UTC 2022
Processing ansible-test
Offering ansible-test to Project Build Discarder
Processing remote-task
Offering remote-task to Project Build Discarder
Finished at Thu Nov 03 12:08:56 UTC 2022. 51ms
Started at Thu Nov 03 13:08:56 UTC 2022
Processing ansible-test
Offering ansible-test to Project Build Discarder
Processing remote-task
Offering remote-task to Project Build Discarder
Finished at Thu Nov 03 13:08:56 UTC 2022. 44ms
Started at Thu Nov 03 14:08:56 UTC 2022
Processing ansible-test
Offering ansible-test to Project Build Discarder
Processing remote-task
Offering remote-task to Project Build Discarder
Finished at Thu Nov 03 14:08:56 UTC 2022. 46ms
Started at Thu Nov 03 15:08:56 UTC 2022
Processing ansible-test
Offering ansible-test to Project Build Discarder
Processing remote-task
Offering remote-task to Project Build Discarder
Finished at Thu Nov 03 15:08:56 UTC 2022. 43ms
Started at Thu Nov 03 16:08:56 UTC 2022
Processing ansible-test
Offering ansible-test to Project Build Discarder
Processing remote-task
Offering remote-task to Project Build Discarder
Finished at Thu Nov 03 16:08:56 UTC 2022. 75ms
